<?xml version="1.0" encoding="UTF-8"?>
<testng-results ignored="0" total="1" passed="1" failed="0" skipped="0">
  <reporter-output>
  </reporter-output>
  <suite started-at="2020-04-25T07:28:39Z" name="BDD Test Suite" finished-at="2020-04-25T07:28:55Z" duration-ms="15589">
    <groups>
      <group name="cucumber">
        <method signature="LoginRunner.feature(cucumber.api.testng.CucumberFeatureWrapper)[pri:0, instance:com.qa.MyRunner.LoginRunner@740773a3]" name="feature" class="com.qa.MyRunner.LoginRunner"/>
      </group> <!-- cucumber -->
    </groups>
    <test started-at="2020-04-25T07:28:39Z" name="FREE CRM Test" finished-at="2020-04-25T07:28:55Z" duration-ms="15589">
      <class name="com.qa.MyRunner.LoginRunner">
        <test-method is-config="true" signature="setUpClass()[pri:0, instance:com.qa.MyRunner.LoginRunner@740773a3]" started-at="2020-04-25T07:28:39Z" name="setUpClass" finished-at="2020-04-25T07:28:40Z" duration-ms="471" status="PASS">
          <reporter-output>
          </reporter-output>
        </test-method> <!-- setUpClass -->
        <test-method signature="feature(cucumber.api.testng.CucumberFeatureWrapper)[pri:0, instance:com.qa.MyRunner.LoginRunner@740773a3]" started-at="2020-04-25T07:28:40Z" name="feature" description="Runs Cucumber Feature" data-provider="features" finished-at="2020-04-25T07:28:55Z" duration-ms="14960" status="PASS">
          <params>
            <param index="0">
              <value>
                <![CDATA[Facebook Login use case]]>
              </value>
            </param>
          </params>
          <reporter-output>
          </reporter-output>
        </test-method> <!-- feature -->
        <test-method is-config="true" signature="tearDownClass()[pri:0, instance:com.qa.MyRunner.LoginRunner@740773a3]" started-at="2020-04-25T07:28:55Z" name="tearDownClass" finished-at="2020-04-25T07:28:55Z" duration-ms="20" status="PASS">
          <reporter-output>
          </reporter-output>
        </test-method> <!-- tearDownClass -->
      </class> <!-- com.qa.MyRunner.LoginRunner -->
    </test> <!-- FREE CRM Test -->
  </suite> <!-- BDD Test Suite -->
</testng-results>
