<?xml version="1.0" encoding="UTF-8"?>
<testng-results ignored="0" total="1" passed="1" failed="0" skipped="0">
  <reporter-output>
  </reporter-output>
  <suite started-at="2020-04-25T06:59:23Z" name="Default suite" finished-at="2020-04-25T06:59:39Z" duration-ms="16360">
    <groups>
      <group name="cucumber">
        <method signature="LoginRunner.feature(cucumber.api.testng.CucumberFeatureWrapper)[pri:0, instance:com.qa.MyRunner.LoginRunner@4ef37659]" name="feature" class="com.qa.MyRunner.LoginRunner"/>
      </group> <!-- cucumber -->
    </groups>
    <test started-at="2020-04-25T06:59:23Z" name="Default test" finished-at="2020-04-25T06:59:39Z" duration-ms="16360">
      <class name="com.qa.MyRunner.LoginRunner">
        <test-method is-config="true" signature="setUpClass()[pri:0, instance:com.qa.MyRunner.LoginRunner@4ef37659]" started-at="2020-04-25T06:59:23Z" name="setUpClass" finished-at="2020-04-25T06:59:23Z" duration-ms="422" status="PASS">
          <reporter-output>
          </reporter-output>
        </test-method> <!-- setUpClass -->
        <test-method signature="feature(cucumber.api.testng.CucumberFeatureWrapper)[pri:0, instance:com.qa.MyRunner.LoginRunner@4ef37659]" started-at="2020-04-25T06:59:23Z" name="feature" description="Runs Cucumber Feature" data-provider="features" finished-at="2020-04-25T06:59:39Z" duration-ms="15776" status="PASS">
          <params>
            <param index="0">
              <value>
                <![CDATA[Facebook Login use case]]>
              </value>
            </param>
          </params>
          <reporter-output>
          </reporter-output>
        </test-method> <!-- feature -->
        <test-method is-config="true" signature="tearDownClass()[pri:0, instance:com.qa.MyRunner.LoginRunner@4ef37659]" started-at="2020-04-25T06:59:39Z" name="tearDownClass" finished-at="2020-04-25T06:59:39Z" duration-ms="18" status="PASS">
          <reporter-output>
          </reporter-output>
        </test-method> <!-- tearDownClass -->
      </class> <!-- com.qa.MyRunner.LoginRunner -->
    </test> <!-- Default test -->
  </suite> <!-- Default suite -->
</testng-results>
